Running "module reset". Resetting modules to system default. The following $MODULEPATH directories have been removed: None
Starting script...
Output: Requirement already satisfied: torch in /u/choprahetarth/.conda/envs/hetarth_py10/lib/python3.10/site-packages (2.2.2)
Requirement already satisfied: torchvision in /u/choprahetarth/.conda/envs/hetarth_py10/lib/python3.10/site-packages (0.17.2)
Requirement already satisfied: torchaudio in /u/choprahetarth/.conda/envs/hetarth_py10/lib/python3.10/site-packages (2.2.2)
Requirement already satisfied: filelock in /u/choprahetarth/.conda/envs/hetarth_py10/lib/python3.10/site-packages (from torch) (3.13.4)
Requirement already satisfied: typing-extensions>=4.8.0 in /u/choprahetarth/.conda/envs/hetarth_py10/lib/python3.10/site-packages (from torch) (4.11.0)
Requirement already satisfied: sympy in /u/choprahetarth/.conda/envs/hetarth_py10/lib/python3.10/site-packages (from torch) (1.12)
Requirement already satisfied: networkx in /u/choprahetarth/.conda/envs/hetarth_py10/lib/python3.10/site-packages (from torch) (3.3)
Requirement already satisfied: jinja2 in /u/choprahetarth/.conda/envs/hetarth_py10/lib/python3.10/site-packages (from torch) (3.1.3)
Requirement already satisfied: fsspec in /u/choprahetarth/.conda/envs/hetarth_py10/lib/python3.10/site-packages (from torch) (2024.2.0)
Requirement already satisfied: nvidia-cuda-nvrtc-cu12==12.1.105 in /u/choprahetarth/.conda/envs/hetarth_py10/lib/python3.10/site-packages (from torch) (12.1.105)
Requirement already satisfied: nvidia-cuda-runtime-cu12==12.1.105 in /u/choprahetarth/.conda/envs/hetarth_py10/lib/python3.10/site-packages (from torch) (12.1.105)
Requirement already satisfied: nvidia-cuda-cupti-cu12==12.1.105 in /u/choprahetarth/.conda/envs/hetarth_py10/lib/python3.10/site-packages (from torch) (12.1.105)
Requirement already satisfied: nvidia-cudnn-cu12==8.9.2.26 in /u/choprahetarth/.conda/envs/hetarth_py10/lib/python3.10/site-packages (from torch) (8.9.2.26)
Requirement already satisfied: nvidia-cublas-cu12==12.1.3.1 in /u/choprahetarth/.conda/envs/hetarth_py10/lib/python3.10/site-packages (from torch) (12.1.3.1)
Requirement already satisfied: nvidia-cufft-cu12==11.0.2.54 in /u/choprahetarth/.conda/envs/hetarth_py10/lib/python3.10/site-packages (from torch) (11.0.2.54)
Requirement already satisfied: nvidia-curand-cu12==10.3.2.106 in /u/choprahetarth/.conda/envs/hetarth_py10/lib/python3.10/site-packages (from torch) (10.3.2.106)
Requirement already satisfied: nvidia-cusolver-cu12==11.4.5.107 in /u/choprahetarth/.conda/envs/hetarth_py10/lib/python3.10/site-packages (from torch) (11.4.5.107)
Requirement already satisfied: nvidia-cusparse-cu12==12.1.0.106 in /u/choprahetarth/.conda/envs/hetarth_py10/lib/python3.10/site-packages (from torch) (12.1.0.106)
Requirement already satisfied: nvidia-nccl-cu12==2.19.3 in /u/choprahetarth/.conda/envs/hetarth_py10/lib/python3.10/site-packages (from torch) (2.19.3)
Requirement already satisfied: nvidia-nvtx-cu12==12.1.105 in /u/choprahetarth/.conda/envs/hetarth_py10/lib/python3.10/site-packages (from torch) (12.1.105)
Requirement already satisfied: triton==2.2.0 in /u/choprahetarth/.conda/envs/hetarth_py10/lib/python3.10/site-packages (from torch) (2.2.0)
Requirement already satisfied: nvidia-nvjitlink-cu12 in /u/choprahetarth/.conda/envs/hetarth_py10/lib/python3.10/site-packages (from nvidia-cusolver-cu12==11.4.5.107->torch) (12.4.127)
Requirement already satisfied: numpy in /u/choprahetarth/.conda/envs/hetarth_py10/lib/python3.10/site-packages (from torchvision) (1.26.4)
Requirement already satisfied: pillow!=8.3.*,>=5.3.0 in /u/choprahetarth/.conda/envs/hetarth_py10/lib/python3.10/site-packages (from torchvision) (10.3.0)
Requirement already satisfied: MarkupSafe>=2.0 in /u/choprahetarth/.conda/envs/hetarth_py10/lib/python3.10/site-packages (from jinja2->torch) (2.1.5)
Requirement already satisfied: mpmath>=0.19 in /u/choprahetarth/.conda/envs/hetarth_py10/lib/python3.10/site-packages (from sympy->torch) (1.3.0)

Output: Requirement already satisfied: transformers in /u/choprahetarth/.conda/envs/hetarth_py10/lib/python3.10/site-packages (4.40.0.dev0)
Requirement already satisfied: filelock in /u/choprahetarth/.conda/envs/hetarth_py10/lib/python3.10/site-packages (from transformers) (3.13.4)
Requirement already satisfied: huggingface-hub<1.0,>=0.19.3 in /u/choprahetarth/.conda/envs/hetarth_py10/lib/python3.10/site-packages (from transformers) (0.22.2)
Requirement already satisfied: numpy>=1.17 in /u/choprahetarth/.conda/envs/hetarth_py10/lib/python3.10/site-packages (from transformers) (1.26.4)
Requirement already satisfied: packaging>=20.0 in /u/choprahetarth/.conda/envs/hetarth_py10/lib/python3.10/site-packages (from transformers) (24.0)
Requirement already satisfied: pyyaml>=5.1 in /u/choprahetarth/.conda/envs/hetarth_py10/lib/python3.10/site-packages (from transformers) (6.0.1)
Requirement already satisfied: regex!=2019.12.17 in /u/choprahetarth/.conda/envs/hetarth_py10/lib/python3.10/site-packages (from transformers) (2023.12.25)
Requirement already satisfied: requests in /u/choprahetarth/.conda/envs/hetarth_py10/lib/python3.10/site-packages (from transformers) (2.31.0)
Requirement already satisfied: tokenizers<0.19,>=0.14 in /u/choprahetarth/.conda/envs/hetarth_py10/lib/python3.10/site-packages (from transformers) (0.15.2)
Requirement already satisfied: safetensors>=0.4.1 in /u/choprahetarth/.conda/envs/hetarth_py10/lib/python3.10/site-packages (from transformers) (0.4.2)
Requirement already satisfied: tqdm>=4.27 in /u/choprahetarth/.conda/envs/hetarth_py10/lib/python3.10/site-packages (from transformers) (4.66.2)
Requirement already satisfied: fsspec>=2023.5.0 in /u/choprahetarth/.conda/envs/hetarth_py10/lib/python3.10/site-packages (from huggingface-hub<1.0,>=0.19.3->transformers) (2024.2.0)
Requirement already satisfied: typing-extensions>=3.7.4.3 in /u/choprahetarth/.conda/envs/hetarth_py10/lib/python3.10/site-packages (from huggingface-hub<1.0,>=0.19.3->transformers) (4.11.0)
Requirement already satisfied: charset-normalizer<4,>=2 in /u/choprahetarth/.conda/envs/hetarth_py10/lib/python3.10/site-packages (from requests->transformers) (3.3.2)
Requirement already satisfied: idna<4,>=2.5 in /u/choprahetarth/.conda/envs/hetarth_py10/lib/python3.10/site-packages (from requests->transformers) (3.7)
Requirement already satisfied: urllib3<3,>=1.21.1 in /u/choprahetarth/.conda/envs/hetarth_py10/lib/python3.10/site-packages (from requests->transformers) (2.2.1)
Requirement already satisfied: certifi>=2017.4.17 in /u/choprahetarth/.conda/envs/hetarth_py10/lib/python3.10/site-packages (from requests->transformers) (2024.2.2)

Output: Found existing installation: peft 0.10.1.dev0
Uninstalling peft-0.10.1.dev0:
  Would remove:
    /u/choprahetarth/.conda/envs/hetarth_py10/lib/python3.10/site-packages/peft-0.10.1.dev0.dist-info/*
    /u/choprahetarth/.conda/envs/hetarth_py10/lib/python3.10/site-packages/peft/*
Proceed (Y/n)?   Successfully uninstalled peft-0.10.1.dev0

Output: Collecting git+https://github.com/huggingface/peft.git
  Cloning https://github.com/huggingface/peft.git to /tmp/pip-req-build-sve2adho
  Resolved https://github.com/huggingface/peft.git to commit ed865e2812bd4bf3946292430525d0825b0fab7e
  Installing build dependencies: started
  Installing build dependencies: finished with status 'done'
  Getting requirements to build wheel: started
  Getting requirements to build wheel: finished with status 'done'
  Preparing metadata (pyproject.toml): started
  Preparing metadata (pyproject.toml): finished with status 'done'
Requirement already satisfied: numpy>=1.17 in /u/choprahetarth/.conda/envs/hetarth_py10/lib/python3.10/site-packages (from peft==0.10.1.dev0) (1.26.4)
Requirement already satisfied: packaging>=20.0 in /u/choprahetarth/.conda/envs/hetarth_py10/lib/python3.10/site-packages (from peft==0.10.1.dev0) (24.0)
Requirement already satisfied: psutil in /u/choprahetarth/.conda/envs/hetarth_py10/lib/python3.10/site-packages (from peft==0.10.1.dev0) (5.9.8)
Requirement already satisfied: pyyaml in /u/choprahetarth/.conda/envs/hetarth_py10/lib/python3.10/site-packages (from peft==0.10.1.dev0) (6.0.1)
Requirement already satisfied: torch>=1.13.0 in /u/choprahetarth/.conda/envs/hetarth_py10/lib/python3.10/site-packages (from peft==0.10.1.dev0) (2.2.2)
Requirement already satisfied: transformers in /u/choprahetarth/.conda/envs/hetarth_py10/lib/python3.10/site-packages (from peft==0.10.1.dev0) (4.40.0.dev0)
Requirement already satisfied: tqdm in /u/choprahetarth/.conda/envs/hetarth_py10/lib/python3.10/site-packages (from peft==0.10.1.dev0) (4.66.2)
Requirement already satisfied: accelerate>=0.21.0 in /u/choprahetarth/.conda/envs/hetarth_py10/lib/python3.10/site-packages (from peft==0.10.1.dev0) (0.27.2)
Requirement already satisfied: safetensors in /u/choprahetarth/.conda/envs/hetarth_py10/lib/python3.10/site-packages (from peft==0.10.1.dev0) (0.4.2)
Requirement already satisfied: huggingface-hub>=0.17.0 in /u/choprahetarth/.conda/envs/hetarth_py10/lib/python3.10/site-packages (from peft==0.10.1.dev0) (0.22.2)
Requirement already satisfied: filelock in /u/choprahetarth/.conda/envs/hetarth_py10/lib/python3.10/site-packages (from huggingface-hub>=0.17.0->peft==0.10.1.dev0) (3.13.4)
Requirement already satisfied: fsspec>=2023.5.0 in /u/choprahetarth/.conda/envs/hetarth_py10/lib/python3.10/site-packages (from huggingface-hub>=0.17.0->peft==0.10.1.dev0) (2024.2.0)
Requirement already satisfied: requests in /u/choprahetarth/.conda/envs/hetarth_py10/lib/python3.10/site-packages (from huggingface-hub>=0.17.0->peft==0.10.1.dev0) (2.31.0)
Requirement already satisfied: typing-extensions>=3.7.4.3 in /u/choprahetarth/.conda/envs/hetarth_py10/lib/python3.10/site-packages (from huggingface-hub>=0.17.0->peft==0.10.1.dev0) (4.11.0)
Requirement already satisfied: sympy in /u/choprahetarth/.conda/envs/hetarth_py10/lib/python3.10/site-packages (from torch>=1.13.0->peft==0.10.1.dev0) (1.12)
Requirement already satisfied: networkx in /u/choprahetarth/.conda/envs/hetarth_py10/lib/python3.10/site-packages (from torch>=1.13.0->peft==0.10.1.dev0) (3.3)
Requirement already satisfied: jinja2 in /u/choprahetarth/.conda/envs/hetarth_py10/lib/python3.10/site-packages (from torch>=1.13.0->peft==0.10.1.dev0) (3.1.3)
Requirement already satisfied: nvidia-cuda-nvrtc-cu12==12.1.105 in /u/choprahetarth/.conda/envs/hetarth_py10/lib/python3.10/site-packages (from torch>=1.13.0->peft==0.10.1.dev0) (12.1.105)
Requirement already satisfied: nvidia-cuda-runtime-cu12==12.1.105 in /u/choprahetarth/.conda/envs/hetarth_py10/lib/python3.10/site-packages (from torch>=1.13.0->peft==0.10.1.dev0) (12.1.105)
Requirement already satisfied: nvidia-cuda-cupti-cu12==12.1.105 in /u/choprahetarth/.conda/envs/hetarth_py10/lib/python3.10/site-packages (from torch>=1.13.0->peft==0.10.1.dev0) (12.1.105)
Requirement already satisfied: nvidia-cudnn-cu12==8.9.2.26 in /u/choprahetarth/.conda/envs/hetarth_py10/lib/python3.10/site-packages (from torch>=1.13.0->peft==0.10.1.dev0) (8.9.2.26)
Requirement already satisfied: nvidia-cublas-cu12==12.1.3.1 in /u/choprahetarth/.conda/envs/hetarth_py10/lib/python3.10/site-packages (from torch>=1.13.0->peft==0.10.1.dev0) (12.1.3.1)
Requirement already satisfied: nvidia-cufft-cu12==11.0.2.54 in /u/choprahetarth/.conda/envs/hetarth_py10/lib/python3.10/site-packages (from torch>=1.13.0->peft==0.10.1.dev0) (11.0.2.54)
Requirement already satisfied: nvidia-curand-cu12==10.3.2.106 in /u/choprahetarth/.conda/envs/hetarth_py10/lib/python3.10/site-packages (from torch>=1.13.0->peft==0.10.1.dev0) (10.3.2.106)
Requirement already satisfied: nvidia-cusolver-cu12==11.4.5.107 in /u/choprahetarth/.conda/envs/hetarth_py10/lib/python3.10/site-packages (from torch>=1.13.0->peft==0.10.1.dev0) (11.4.5.107)
Requirement already satisfied: nvidia-cusparse-cu12==12.1.0.106 in /u/choprahetarth/.conda/envs/hetarth_py10/lib/python3.10/site-packages (from torch>=1.13.0->peft==0.10.1.dev0) (12.1.0.106)
Requirement already satisfied: nvidia-nccl-cu12==2.19.3 in /u/choprahetarth/.conda/envs/hetarth_py10/lib/python3.10/site-packages (from torch>=1.13.0->peft==0.10.1.dev0) (2.19.3)
Requirement already satisfied: nvidia-nvtx-cu12==12.1.105 in /u/choprahetarth/.conda/envs/hetarth_py10/lib/python3.10/site-packages (from torch>=1.13.0->peft==0.10.1.dev0) (12.1.105)
Requirement already satisfied: triton==2.2.0 in /u/choprahetarth/.conda/envs/hetarth_py10/lib/python3.10/site-packages (from torch>=1.13.0->peft==0.10.1.dev0) (2.2.0)
Requirement already satisfied: nvidia-nvjitlink-cu12 in /u/choprahetarth/.conda/envs/hetarth_py10/lib/python3.10/site-packages (from nvidia-cusolver-cu12==11.4.5.107->torch>=1.13.0->peft==0.10.1.dev0) (12.4.127)
Requirement already satisfied: regex!=2019.12.17 in /u/choprahetarth/.conda/envs/hetarth_py10/lib/python3.10/site-packages (from transformers->peft==0.10.1.dev0) (2023.12.25)
Requirement already satisfied: tokenizers<0.19,>=0.14 in /u/choprahetarth/.conda/envs/hetarth_py10/lib/python3.10/site-packages (from transformers->peft==0.10.1.dev0) (0.15.2)
Requirement already satisfied: MarkupSafe>=2.0 in /u/choprahetarth/.conda/envs/hetarth_py10/lib/python3.10/site-packages (from jinja2->torch>=1.13.0->peft==0.10.1.dev0) (2.1.5)
Requirement already satisfied: charset-normalizer<4,>=2 in /u/choprahetarth/.conda/envs/hetarth_py10/lib/python3.10/site-packages (from requests->huggingface-hub>=0.17.0->peft==0.10.1.dev0) (3.3.2)
Requirement already satisfied: idna<4,>=2.5 in /u/choprahetarth/.conda/envs/hetarth_py10/lib/python3.10/site-packages (from requests->huggingface-hub>=0.17.0->peft==0.10.1.dev0) (3.7)
Requirement already satisfied: urllib3<3,>=1.21.1 in /u/choprahetarth/.conda/envs/hetarth_py10/lib/python3.10/site-packages (from requests->huggingface-hub>=0.17.0->peft==0.10.1.dev0) (2.2.1)
Requirement already satisfied: certifi>=2017.4.17 in /u/choprahetarth/.conda/envs/hetarth_py10/lib/python3.10/site-packages (from requests->huggingface-hub>=0.17.0->peft==0.10.1.dev0) (2024.2.2)
Requirement already satisfied: mpmath>=0.19 in /u/choprahetarth/.conda/envs/hetarth_py10/lib/python3.10/site-packages (from sympy->torch>=1.13.0->peft==0.10.1.dev0) (1.3.0)
Building wheels for collected packages: peft
  Building wheel for peft (pyproject.toml): started
  Building wheel for peft (pyproject.toml): finished with status 'done'
  Created wheel for peft: filename=peft-0.10.1.dev0-py3-none-any.whl size=218560 sha256=43c97510d5532332279254ba87e10185e53e52070c08027ec5297a11f25c95cc
  Stored in directory: /tmp/pip-ephem-wheel-cache-kz3m8c51/wheels/d7/c7/de/1368fac8590e1b103ddc2ec2a28ad51d83aded1a3830e8a087
Successfully built peft
Installing collected packages: peft
Successfully installed peft-0.10.1.dev0

Output: Collecting git+https://github.com/huggingface/transformers
  Cloning https://github.com/huggingface/transformers to /tmp/pip-req-build-x_k9bstc
  Resolved https://github.com/huggingface/transformers to commit e4ea19b958c89d61e42461fac6ac8441787121f8
  Installing build dependencies: started
  Installing build dependencies: finished with status 'done'
  Getting requirements to build wheel: started
  Getting requirements to build wheel: finished with status 'done'
  Preparing metadata (pyproject.toml): started
  Preparing metadata (pyproject.toml): finished with status 'done'
Requirement already satisfied: filelock in /u/choprahetarth/.conda/envs/hetarth_py10/lib/python3.10/site-packages (from transformers==4.40.0.dev0) (3.13.4)
Requirement already satisfied: huggingface-hub<1.0,>=0.19.3 in /u/choprahetarth/.conda/envs/hetarth_py10/lib/python3.10/site-packages (from transformers==4.40.0.dev0) (0.22.2)
Requirement already satisfied: numpy>=1.17 in /u/choprahetarth/.conda/envs/hetarth_py10/lib/python3.10/site-packages (from transformers==4.40.0.dev0) (1.26.4)
Requirement already satisfied: packaging>=20.0 in /u/choprahetarth/.conda/envs/hetarth_py10/lib/python3.10/site-packages (from transformers==4.40.0.dev0) (24.0)
Requirement already satisfied: pyyaml>=5.1 in /u/choprahetarth/.conda/envs/hetarth_py10/lib/python3.10/site-packages (from transformers==4.40.0.dev0) (6.0.1)
Requirement already satisfied: regex!=2019.12.17 in /u/choprahetarth/.conda/envs/hetarth_py10/lib/python3.10/site-packages (from transformers==4.40.0.dev0) (2023.12.25)
Requirement already satisfied: requests in /u/choprahetarth/.conda/envs/hetarth_py10/lib/python3.10/site-packages (from transformers==4.40.0.dev0) (2.31.0)
Collecting tokenizers<0.20,>=0.19 (from transformers==4.40.0.dev0)
  Downloading tokenizers-0.19.0-cp310-cp310-manylinux_2_17_x86_64.manylinux2014_x86_64.whl.metadata (6.7 kB)
Requirement already satisfied: safetensors>=0.4.1 in /u/choprahetarth/.conda/envs/hetarth_py10/lib/python3.10/site-packages (from transformers==4.40.0.dev0) (0.4.2)
Requirement already satisfied: tqdm>=4.27 in /u/choprahetarth/.conda/envs/hetarth_py10/lib/python3.10/site-packages (from transformers==4.40.0.dev0) (4.66.2)
Requirement already satisfied: fsspec>=2023.5.0 in /u/choprahetarth/.conda/envs/hetarth_py10/lib/python3.10/site-packages (from huggingface-hub<1.0,>=0.19.3->transformers==4.40.0.dev0) (2024.2.0)
Requirement already satisfied: typing-extensions>=3.7.4.3 in /u/choprahetarth/.conda/envs/hetarth_py10/lib/python3.10/site-packages (from huggingface-hub<1.0,>=0.19.3->transformers==4.40.0.dev0) (4.11.0)
Requirement already satisfied: charset-normalizer<4,>=2 in /u/choprahetarth/.conda/envs/hetarth_py10/lib/python3.10/site-packages (from requests->transformers==4.40.0.dev0) (3.3.2)
Requirement already satisfied: idna<4,>=2.5 in /u/choprahetarth/.conda/envs/hetarth_py10/lib/python3.10/site-packages (from requests->transformers==4.40.0.dev0) (3.7)
Requirement already satisfied: urllib3<3,>=1.21.1 in /u/choprahetarth/.conda/envs/hetarth_py10/lib/python3.10/site-packages (from requests->transformers==4.40.0.dev0) (2.2.1)
Requirement already satisfied: certifi>=2017.4.17 in /u/choprahetarth/.conda/envs/hetarth_py10/lib/python3.10/site-packages (from requests->transformers==4.40.0.dev0) (2024.2.2)
Downloading tokenizers-0.19.0-cp310-cp310-manylinux_2_17_x86_64.manylinux2014_x86_64.whl (3.6 MB)
   ━━━━━━━━━━━━━━━━━━━━━━━━━━━━━━━━━━━━━━━━ 3.6/3.6 MB 29.3 MB/s eta 0:00:00
Installing collected packages: tokenizers
  Attempting uninstall: tokenizers
    Found existing installation: tokenizers 0.15.2
    Uninstalling tokenizers-0.15.2:
      Successfully uninstalled tokenizers-0.15.2
Successfully installed tokenizers-0.19.0

Output: Requirement already satisfied: datasets in /u/choprahetarth/.conda/envs/hetarth_py10/lib/python3.10/site-packages (2.18.0)
Requirement already satisfied: filelock in /u/choprahetarth/.conda/envs/hetarth_py10/lib/python3.10/site-packages (from datasets) (3.13.4)
Requirement already satisfied: numpy>=1.17 in /u/choprahetarth/.conda/envs/hetarth_py10/lib/python3.10/site-packages (from datasets) (1.26.4)
Requirement already satisfied: pyarrow>=12.0.0 in /u/choprahetarth/.conda/envs/hetarth_py10/lib/python3.10/site-packages (from datasets) (15.0.2)
Requirement already satisfied: pyarrow-hotfix in /u/choprahetarth/.conda/envs/hetarth_py10/lib/python3.10/site-packages (from datasets) (0.6)
Requirement already satisfied: dill<0.3.9,>=0.3.0 in /u/choprahetarth/.conda/envs/hetarth_py10/lib/python3.10/site-packages (from datasets) (0.3.8)
Requirement already satisfied: pandas in /u/choprahetarth/.conda/envs/hetarth_py10/lib/python3.10/site-packages (from datasets) (2.2.2)
Requirement already satisfied: requests>=2.19.0 in /u/choprahetarth/.conda/envs/hetarth_py10/lib/python3.10/site-packages (from datasets) (2.31.0)
Requirement already satisfied: tqdm>=4.62.1 in /u/choprahetarth/.conda/envs/hetarth_py10/lib/python3.10/site-packages (from datasets) (4.66.2)
Requirement already satisfied: xxhash in /u/choprahetarth/.conda/envs/hetarth_py10/lib/python3.10/site-packages (from datasets) (3.4.1)
Requirement already satisfied: multiprocess in /u/choprahetarth/.conda/envs/hetarth_py10/lib/python3.10/site-packages (from datasets) (0.70.16)
Requirement already satisfied: fsspec<=2024.2.0,>=2023.1.0 in /u/choprahetarth/.conda/envs/hetarth_py10/lib/python3.10/site-packages (from fsspec[http]<=2024.2.0,>=2023.1.0->datasets) (2024.2.0)
Requirement already satisfied: aiohttp in /u/choprahetarth/.conda/envs/hetarth_py10/lib/python3.10/site-packages (from datasets) (3.9.3)
Requirement already satisfied: huggingface-hub>=0.19.4 in /u/choprahetarth/.conda/envs/hetarth_py10/lib/python3.10/site-packages (from datasets) (0.22.2)
Requirement already satisfied: packaging in /u/choprahetarth/.conda/envs/hetarth_py10/lib/python3.10/site-packages (from datasets) (24.0)
Requirement already satisfied: pyyaml>=5.1 in /u/choprahetarth/.conda/envs/hetarth_py10/lib/python3.10/site-packages (from datasets) (6.0.1)
Requirement already satisfied: aiosignal>=1.1.2 in /u/choprahetarth/.conda/envs/hetarth_py10/lib/python3.10/site-packages (from aiohttp->datasets) (1.3.1)
Requirement already satisfied: attrs>=17.3.0 in /u/choprahetarth/.conda/envs/hetarth_py10/lib/python3.10/site-packages (from aiohttp->datasets) (23.2.0)
Requirement already satisfied: frozenlist>=1.1.1 in /u/choprahetarth/.conda/envs/hetarth_py10/lib/python3.10/site-packages (from aiohttp->datasets) (1.4.1)
Requirement already satisfied: multidict<7.0,>=4.5 in /u/choprahetarth/.conda/envs/hetarth_py10/lib/python3.10/site-packages (from aiohttp->datasets) (6.0.5)
Requirement already satisfied: yarl<2.0,>=1.0 in /u/choprahetarth/.conda/envs/hetarth_py10/lib/python3.10/site-packages (from aiohttp->datasets) (1.9.4)
Requirement already satisfied: async-timeout<5.0,>=4.0 in /u/choprahetarth/.conda/envs/hetarth_py10/lib/python3.10/site-packages (from aiohttp->datasets) (4.0.3)
Requirement already satisfied: typing-extensions>=3.7.4.3 in /u/choprahetarth/.conda/envs/hetarth_py10/lib/python3.10/site-packages (from huggingface-hub>=0.19.4->datasets) (4.11.0)
Requirement already satisfied: charset-normalizer<4,>=2 in /u/choprahetarth/.conda/envs/hetarth_py10/lib/python3.10/site-packages (from requests>=2.19.0->datasets) (3.3.2)
Requirement already satisfied: idna<4,>=2.5 in /u/choprahetarth/.conda/envs/hetarth_py10/lib/python3.10/site-packages (from requests>=2.19.0->datasets) (3.7)
Requirement already satisfied: urllib3<3,>=1.21.1 in /u/choprahetarth/.conda/envs/hetarth_py10/lib/python3.10/site-packages (from requests>=2.19.0->datasets) (2.2.1)
Requirement already satisfied: certifi>=2017.4.17 in /u/choprahetarth/.conda/envs/hetarth_py10/lib/python3.10/site-packages (from requests>=2.19.0->datasets) (2024.2.2)
Requirement already satisfied: python-dateutil>=2.8.2 in /u/choprahetarth/.conda/envs/hetarth_py10/lib/python3.10/site-packages (from pandas->datasets) (2.9.0.post0)
Requirement already satisfied: pytz>=2020.1 in /u/choprahetarth/.conda/envs/hetarth_py10/lib/python3.10/site-packages (from pandas->datasets) (2024.1)
Requirement already satisfied: tzdata>=2022.7 in /u/choprahetarth/.conda/envs/hetarth_py10/lib/python3.10/site-packages (from pandas->datasets) (2024.1)
Requirement already satisfied: six>=1.5 in /u/choprahetarth/.conda/envs/hetarth_py10/lib/python3.10/site-packages (from python-dateutil>=2.8.2->pandas->datasets) (1.16.0)

Output: Requirement already satisfied: accelerate in /u/choprahetarth/.conda/envs/hetarth_py10/lib/python3.10/site-packages (0.27.2)
Requirement already satisfied: numpy>=1.17 in /u/choprahetarth/.conda/envs/hetarth_py10/lib/python3.10/site-packages (from accelerate) (1.26.4)
Requirement already satisfied: packaging>=20.0 in /u/choprahetarth/.conda/envs/hetarth_py10/lib/python3.10/site-packages (from accelerate) (24.0)
Requirement already satisfied: psutil in /u/choprahetarth/.conda/envs/hetarth_py10/lib/python3.10/site-packages (from accelerate) (5.9.8)
Requirement already satisfied: pyyaml in /u/choprahetarth/.conda/envs/hetarth_py10/lib/python3.10/site-packages (from accelerate) (6.0.1)
Requirement already satisfied: torch>=1.10.0 in /u/choprahetarth/.conda/envs/hetarth_py10/lib/python3.10/site-packages (from accelerate) (2.2.2)
Requirement already satisfied: huggingface-hub in /u/choprahetarth/.conda/envs/hetarth_py10/lib/python3.10/site-packages (from accelerate) (0.22.2)
Requirement already satisfied: safetensors>=0.3.1 in /u/choprahetarth/.conda/envs/hetarth_py10/lib/python3.10/site-packages (from accelerate) (0.4.2)
Requirement already satisfied: filelock in /u/choprahetarth/.conda/envs/hetarth_py10/lib/python3.10/site-packages (from torch>=1.10.0->accelerate) (3.13.4)
Requirement already satisfied: typing-extensions>=4.8.0 in /u/choprahetarth/.conda/envs/hetarth_py10/lib/python3.10/site-packages (from torch>=1.10.0->accelerate) (4.11.0)
Requirement already satisfied: sympy in /u/choprahetarth/.conda/envs/hetarth_py10/lib/python3.10/site-packages (from torch>=1.10.0->accelerate) (1.12)
Requirement already satisfied: networkx in /u/choprahetarth/.conda/envs/hetarth_py10/lib/python3.10/site-packages (from torch>=1.10.0->accelerate) (3.3)
Requirement already satisfied: jinja2 in /u/choprahetarth/.conda/envs/hetarth_py10/lib/python3.10/site-packages (from torch>=1.10.0->accelerate) (3.1.3)
Requirement already satisfied: fsspec in /u/choprahetarth/.conda/envs/hetarth_py10/lib/python3.10/site-packages (from torch>=1.10.0->accelerate) (2024.2.0)
Requirement already satisfied: nvidia-cuda-nvrtc-cu12==12.1.105 in /u/choprahetarth/.conda/envs/hetarth_py10/lib/python3.10/site-packages (from torch>=1.10.0->accelerate) (12.1.105)
Requirement already satisfied: nvidia-cuda-runtime-cu12==12.1.105 in /u/choprahetarth/.conda/envs/hetarth_py10/lib/python3.10/site-packages (from torch>=1.10.0->accelerate) (12.1.105)
Requirement already satisfied: nvidia-cuda-cupti-cu12==12.1.105 in /u/choprahetarth/.conda/envs/hetarth_py10/lib/python3.10/site-packages (from torch>=1.10.0->accelerate) (12.1.105)
Requirement already satisfied: nvidia-cudnn-cu12==8.9.2.26 in /u/choprahetarth/.conda/envs/hetarth_py10/lib/python3.10/site-packages (from torch>=1.10.0->accelerate) (8.9.2.26)
Requirement already satisfied: nvidia-cublas-cu12==12.1.3.1 in /u/choprahetarth/.conda/envs/hetarth_py10/lib/python3.10/site-packages (from torch>=1.10.0->accelerate) (12.1.3.1)
Requirement already satisfied: nvidia-cufft-cu12==11.0.2.54 in /u/choprahetarth/.conda/envs/hetarth_py10/lib/python3.10/site-packages (from torch>=1.10.0->accelerate) (11.0.2.54)
Requirement already satisfied: nvidia-curand-cu12==10.3.2.106 in /u/choprahetarth/.conda/envs/hetarth_py10/lib/python3.10/site-packages (from torch>=1.10.0->accelerate) (10.3.2.106)
Requirement already satisfied: nvidia-cusolver-cu12==11.4.5.107 in /u/choprahetarth/.conda/envs/hetarth_py10/lib/python3.10/site-packages (from torch>=1.10.0->accelerate) (11.4.5.107)
Requirement already satisfied: nvidia-cusparse-cu12==12.1.0.106 in /u/choprahetarth/.conda/envs/hetarth_py10/lib/python3.10/site-packages (from torch>=1.10.0->accelerate) (12.1.0.106)
Requirement already satisfied: nvidia-nccl-cu12==2.19.3 in /u/choprahetarth/.conda/envs/hetarth_py10/lib/python3.10/site-packages (from torch>=1.10.0->accelerate) (2.19.3)
Requirement already satisfied: nvidia-nvtx-cu12==12.1.105 in /u/choprahetarth/.conda/envs/hetarth_py10/lib/python3.10/site-packages (from torch>=1.10.0->accelerate) (12.1.105)
Requirement already satisfied: triton==2.2.0 in /u/choprahetarth/.conda/envs/hetarth_py10/lib/python3.10/site-packages (from torch>=1.10.0->accelerate) (2.2.0)
Requirement already satisfied: nvidia-nvjitlink-cu12 in /u/choprahetarth/.conda/envs/hetarth_py10/lib/python3.10/site-packages (from nvidia-cusolver-cu12==11.4.5.107->torch>=1.10.0->accelerate) (12.4.127)
Requirement already satisfied: requests in /u/choprahetarth/.conda/envs/hetarth_py10/lib/python3.10/site-packages (from huggingface-hub->accelerate) (2.31.0)
Requirement already satisfied: tqdm>=4.42.1 in /u/choprahetarth/.conda/envs/hetarth_py10/lib/python3.10/site-packages (from huggingface-hub->accelerate) (4.66.2)
Requirement already satisfied: MarkupSafe>=2.0 in /u/choprahetarth/.conda/envs/hetarth_py10/lib/python3.10/site-packages (from jinja2->torch>=1.10.0->accelerate) (2.1.5)
Requirement already satisfied: charset-normalizer<4,>=2 in /u/choprahetarth/.conda/envs/hetarth_py10/lib/python3.10/site-packages (from requests->huggingface-hub->accelerate) (3.3.2)
Requirement already satisfied: idna<4,>=2.5 in /u/choprahetarth/.conda/envs/hetarth_py10/lib/python3.10/site-packages (from requests->huggingface-hub->accelerate) (3.7)
Requirement already satisfied: urllib3<3,>=1.21.1 in /u/choprahetarth/.conda/envs/hetarth_py10/lib/python3.10/site-packages (from requests->huggingface-hub->accelerate) (2.2.1)
Requirement already satisfied: certifi>=2017.4.17 in /u/choprahetarth/.conda/envs/hetarth_py10/lib/python3.10/site-packages (from requests->huggingface-hub->accelerate) (2024.2.2)
Requirement already satisfied: mpmath>=0.19 in /u/choprahetarth/.conda/envs/hetarth_py10/lib/python3.10/site-packages (from sympy->torch>=1.10.0->accelerate) (1.3.0)

Output: Requirement already satisfied: huggingface_hub in /u/choprahetarth/.conda/envs/hetarth_py10/lib/python3.10/site-packages (0.22.2)
Requirement already satisfied: filelock in /u/choprahetarth/.conda/envs/hetarth_py10/lib/python3.10/site-packages (from huggingface_hub) (3.13.4)
Requirement already satisfied: fsspec>=2023.5.0 in /u/choprahetarth/.conda/envs/hetarth_py10/lib/python3.10/site-packages (from huggingface_hub) (2024.2.0)
Requirement already satisfied: packaging>=20.9 in /u/choprahetarth/.conda/envs/hetarth_py10/lib/python3.10/site-packages (from huggingface_hub) (24.0)
Requirement already satisfied: pyyaml>=5.1 in /u/choprahetarth/.conda/envs/hetarth_py10/lib/python3.10/site-packages (from huggingface_hub) (6.0.1)
Requirement already satisfied: requests in /u/choprahetarth/.conda/envs/hetarth_py10/lib/python3.10/site-packages (from huggingface_hub) (2.31.0)
Requirement already satisfied: tqdm>=4.42.1 in /u/choprahetarth/.conda/envs/hetarth_py10/lib/python3.10/site-packages (from huggingface_hub) (4.66.2)
Requirement already satisfied: typing-extensions>=3.7.4.3 in /u/choprahetarth/.conda/envs/hetarth_py10/lib/python3.10/site-packages (from huggingface_hub) (4.11.0)
Requirement already satisfied: charset-normalizer<4,>=2 in /u/choprahetarth/.conda/envs/hetarth_py10/lib/python3.10/site-packages (from requests->huggingface_hub) (3.3.2)
Requirement already satisfied: idna<4,>=2.5 in /u/choprahetarth/.conda/envs/hetarth_py10/lib/python3.10/site-packages (from requests->huggingface_hub) (3.7)
Requirement already satisfied: urllib3<3,>=1.21.1 in /u/choprahetarth/.conda/envs/hetarth_py10/lib/python3.10/site-packages (from requests->huggingface_hub) (2.2.1)
Requirement already satisfied: certifi>=2017.4.17 in /u/choprahetarth/.conda/envs/hetarth_py10/lib/python3.10/site-packages (from requests->huggingface_hub) (2024.2.2)

Output: Requirement already satisfied: bitsandbytes in /u/choprahetarth/.conda/envs/hetarth_py10/lib/python3.10/site-packages (0.43.0)
Requirement already satisfied: torch in /u/choprahetarth/.conda/envs/hetarth_py10/lib/python3.10/site-packages (from bitsandbytes) (2.2.2)
Requirement already satisfied: numpy in /u/choprahetarth/.conda/envs/hetarth_py10/lib/python3.10/site-packages (from bitsandbytes) (1.26.4)
Requirement already satisfied: filelock in /u/choprahetarth/.conda/envs/hetarth_py10/lib/python3.10/site-packages (from torch->bitsandbytes) (3.13.4)
Requirement already satisfied: typing-extensions>=4.8.0 in /u/choprahetarth/.conda/envs/hetarth_py10/lib/python3.10/site-packages (from torch->bitsandbytes) (4.11.0)
Requirement already satisfied: sympy in /u/choprahetarth/.conda/envs/hetarth_py10/lib/python3.10/site-packages (from torch->bitsandbytes) (1.12)
Requirement already satisfied: networkx in /u/choprahetarth/.conda/envs/hetarth_py10/lib/python3.10/site-packages (from torch->bitsandbytes) (3.3)
Requirement already satisfied: jinja2 in /u/choprahetarth/.conda/envs/hetarth_py10/lib/python3.10/site-packages (from torch->bitsandbytes) (3.1.3)
Requirement already satisfied: fsspec in /u/choprahetarth/.conda/envs/hetarth_py10/lib/python3.10/site-packages (from torch->bitsandbytes) (2024.2.0)
Requirement already satisfied: nvidia-cuda-nvrtc-cu12==12.1.105 in /u/choprahetarth/.conda/envs/hetarth_py10/lib/python3.10/site-packages (from torch->bitsandbytes) (12.1.105)
Requirement already satisfied: nvidia-cuda-runtime-cu12==12.1.105 in /u/choprahetarth/.conda/envs/hetarth_py10/lib/python3.10/site-packages (from torch->bitsandbytes) (12.1.105)
Requirement already satisfied: nvidia-cuda-cupti-cu12==12.1.105 in /u/choprahetarth/.conda/envs/hetarth_py10/lib/python3.10/site-packages (from torch->bitsandbytes) (12.1.105)
Requirement already satisfied: nvidia-cudnn-cu12==8.9.2.26 in /u/choprahetarth/.conda/envs/hetarth_py10/lib/python3.10/site-packages (from torch->bitsandbytes) (8.9.2.26)
Requirement already satisfied: nvidia-cublas-cu12==12.1.3.1 in /u/choprahetarth/.conda/envs/hetarth_py10/lib/python3.10/site-packages (from torch->bitsandbytes) (12.1.3.1)
Requirement already satisfied: nvidia-cufft-cu12==11.0.2.54 in /u/choprahetarth/.conda/envs/hetarth_py10/lib/python3.10/site-packages (from torch->bitsandbytes) (11.0.2.54)
Requirement already satisfied: nvidia-curand-cu12==10.3.2.106 in /u/choprahetarth/.conda/envs/hetarth_py10/lib/python3.10/site-packages (from torch->bitsandbytes) (10.3.2.106)
Requirement already satisfied: nvidia-cusolver-cu12==11.4.5.107 in /u/choprahetarth/.conda/envs/hetarth_py10/lib/python3.10/site-packages (from torch->bitsandbytes) (11.4.5.107)
Requirement already satisfied: nvidia-cusparse-cu12==12.1.0.106 in /u/choprahetarth/.conda/envs/hetarth_py10/lib/python3.10/site-packages (from torch->bitsandbytes) (12.1.0.106)
Requirement already satisfied: nvidia-nccl-cu12==2.19.3 in /u/choprahetarth/.conda/envs/hetarth_py10/lib/python3.10/site-packages (from torch->bitsandbytes) (2.19.3)
Requirement already satisfied: nvidia-nvtx-cu12==12.1.105 in /u/choprahetarth/.conda/envs/hetarth_py10/lib/python3.10/site-packages (from torch->bitsandbytes) (12.1.105)
Requirement already satisfied: triton==2.2.0 in /u/choprahetarth/.conda/envs/hetarth_py10/lib/python3.10/site-packages (from torch->bitsandbytes) (2.2.0)
Requirement already satisfied: nvidia-nvjitlink-cu12 in /u/choprahetarth/.conda/envs/hetarth_py10/lib/python3.10/site-packages (from nvidia-cusolver-cu12==11.4.5.107->torch->bitsandbytes) (12.4.127)
Requirement already satisfied: MarkupSafe>=2.0 in /u/choprahetarth/.conda/envs/hetarth_py10/lib/python3.10/site-packages (from jinja2->torch->bitsandbytes) (2.1.5)
Requirement already satisfied: mpmath>=0.19 in /u/choprahetarth/.conda/envs/hetarth_py10/lib/python3.10/site-packages (from sympy->torch->bitsandbytes) (1.3.0)

Output: Requirement already satisfied: wandb in /u/choprahetarth/.conda/envs/hetarth_py10/lib/python3.10/site-packages (0.16.6)
Requirement already satisfied: Click!=8.0.0,>=7.1 in /u/choprahetarth/.conda/envs/hetarth_py10/lib/python3.10/site-packages (from wandb) (8.1.7)
Requirement already satisfied: GitPython!=3.1.29,>=1.0.0 in /u/choprahetarth/.conda/envs/hetarth_py10/lib/python3.10/site-packages (from wandb) (3.1.43)
Requirement already satisfied: requests<3,>=2.0.0 in /u/choprahetarth/.conda/envs/hetarth_py10/lib/python3.10/site-packages (from wandb) (2.31.0)
Requirement already satisfied: psutil>=5.0.0 in /u/choprahetarth/.conda/envs/hetarth_py10/lib/python3.10/site-packages (from wandb) (5.9.8)
Requirement already satisfied: sentry-sdk>=1.0.0 in /u/choprahetarth/.conda/envs/hetarth_py10/lib/python3.10/site-packages (from wandb) (1.45.0)
Requirement already satisfied: docker-pycreds>=0.4.0 in /u/choprahetarth/.conda/envs/hetarth_py10/lib/python3.10/site-packages (from wandb) (0.4.0)
Requirement already satisfied: PyYAML in /u/choprahetarth/.conda/envs/hetarth_py10/lib/python3.10/site-packages (from wandb) (6.0.1)
Requirement already satisfied: setproctitle in /u/choprahetarth/.conda/envs/hetarth_py10/lib/python3.10/site-packages (from wandb) (1.3.3)
Requirement already satisfied: setuptools in /u/choprahetarth/.conda/envs/hetarth_py10/lib/python3.10/site-packages (from wandb) (68.2.2)
Requirement already satisfied: appdirs>=1.4.3 in /u/choprahetarth/.conda/envs/hetarth_py10/lib/python3.10/site-packages (from wandb) (1.4.4)
Requirement already satisfied: protobuf!=4.21.0,<5,>=3.19.0 in /u/choprahetarth/.conda/envs/hetarth_py10/lib/python3.10/site-packages (from wandb) (4.25.3)
Requirement already satisfied: six>=1.4.0 in /u/choprahetarth/.conda/envs/hetarth_py10/lib/python3.10/site-packages (from docker-pycreds>=0.4.0->wandb) (1.16.0)
Requirement already satisfied: gitdb<5,>=4.0.1 in /u/choprahetarth/.conda/envs/hetarth_py10/lib/python3.10/site-packages (from GitPython!=3.1.29,>=1.0.0->wandb) (4.0.11)
Requirement already satisfied: charset-normalizer<4,>=2 in /u/choprahetarth/.conda/envs/hetarth_py10/lib/python3.10/site-packages (from requests<3,>=2.0.0->wandb) (3.3.2)
Requirement already satisfied: idna<4,>=2.5 in /u/choprahetarth/.conda/envs/hetarth_py10/lib/python3.10/site-packages (from requests<3,>=2.0.0->wandb) (3.7)
Requirement already satisfied: urllib3<3,>=1.21.1 in /u/choprahetarth/.conda/envs/hetarth_py10/lib/python3.10/site-packages (from requests<3,>=2.0.0->wandb) (2.2.1)
Requirement already satisfied: certifi>=2017.4.17 in /u/choprahetarth/.conda/envs/hetarth_py10/lib/python3.10/site-packages (from requests<3,>=2.0.0->wandb) (2024.2.2)
Requirement already satisfied: smmap<6,>=3.0.1 in /u/choprahetarth/.conda/envs/hetarth_py10/lib/python3.10/site-packages (from gitdb<5,>=4.0.1->GitPython!=3.1.29,>=1.0.0->wandb) (5.0.1)

Output: Requirement already satisfied: scikit-learn in /u/choprahetarth/.conda/envs/hetarth_py10/lib/python3.10/site-packages (1.4.2)
Requirement already satisfied: numpy>=1.19.5 in /u/choprahetarth/.conda/envs/hetarth_py10/lib/python3.10/site-packages (from scikit-learn) (1.26.4)
Requirement already satisfied: scipy>=1.6.0 in /u/choprahetarth/.conda/envs/hetarth_py10/lib/python3.10/site-packages (from scikit-learn) (1.13.0)
Requirement already satisfied: joblib>=1.2.0 in /u/choprahetarth/.conda/envs/hetarth_py10/lib/python3.10/site-packages (from scikit-learn) (1.4.0)
Requirement already satisfied: threadpoolctl>=2.0.0 in /u/choprahetarth/.conda/envs/hetarth_py10/lib/python3.10/site-packages (from scikit-learn) (3.4.0)

Output: Requirement already satisfied: code_bert_score in /u/choprahetarth/.conda/envs/hetarth_py10/lib/python3.10/site-packages (0.4.1)
Requirement already satisfied: torch>=1.0.0 in /u/choprahetarth/.conda/envs/hetarth_py10/lib/python3.10/site-packages (from code_bert_score) (2.2.2)
Requirement already satisfied: numpy in /u/choprahetarth/.conda/envs/hetarth_py10/lib/python3.10/site-packages (from code_bert_score) (1.26.4)
Requirement already satisfied: pandas>=1.0.1 in /u/choprahetarth/.conda/envs/hetarth_py10/lib/python3.10/site-packages (from code_bert_score) (2.2.2)
Requirement already satisfied: requests in /u/choprahetarth/.conda/envs/hetarth_py10/lib/python3.10/site-packages (from code_bert_score) (2.31.0)
Requirement already satisfied: tqdm>=4.31.1 in /u/choprahetarth/.conda/envs/hetarth_py10/lib/python3.10/site-packages (from code_bert_score) (4.66.2)
Requirement already satisfied: matplotlib in /u/choprahetarth/.conda/envs/hetarth_py10/lib/python3.10/site-packages (from code_bert_score) (3.8.4)
Requirement already satisfied: transformers>=3.0.0 in /u/choprahetarth/.conda/envs/hetarth_py10/lib/python3.10/site-packages (from code_bert_score) (4.40.0.dev0)
Requirement already satisfied: python-dateutil>=2.8.2 in /u/choprahetarth/.conda/envs/hetarth_py10/lib/python3.10/site-packages (from pandas>=1.0.1->code_bert_score) (2.9.0.post0)
Requirement already satisfied: pytz>=2020.1 in /u/choprahetarth/.conda/envs/hetarth_py10/lib/python3.10/site-packages (from pandas>=1.0.1->code_bert_score) (2024.1)
Requirement already satisfied: tzdata>=2022.7 in /u/choprahetarth/.conda/envs/hetarth_py10/lib/python3.10/site-packages (from pandas>=1.0.1->code_bert_score) (2024.1)
Requirement already satisfied: filelock in /u/choprahetarth/.conda/envs/hetarth_py10/lib/python3.10/site-packages (from torch>=1.0.0->code_bert_score) (3.13.4)
Requirement already satisfied: typing-extensions>=4.8.0 in /u/choprahetarth/.conda/envs/hetarth_py10/lib/python3.10/site-packages (from torch>=1.0.0->code_bert_score) (4.11.0)
Requirement already satisfied: sympy in /u/choprahetarth/.conda/envs/hetarth_py10/lib/python3.10/site-packages (from torch>=1.0.0->code_bert_score) (1.12)
Requirement already satisfied: networkx in /u/choprahetarth/.conda/envs/hetarth_py10/lib/python3.10/site-packages (from torch>=1.0.0->code_bert_score) (3.3)
Requirement already satisfied: jinja2 in /u/choprahetarth/.conda/envs/hetarth_py10/lib/python3.10/site-packages (from torch>=1.0.0->code_bert_score) (3.1.3)
Requirement already satisfied: fsspec in /u/choprahetarth/.conda/envs/hetarth_py10/lib/python3.10/site-packages (from torch>=1.0.0->code_bert_score) (2024.2.0)
Requirement already satisfied: nvidia-cuda-nvrtc-cu12==12.1.105 in /u/choprahetarth/.conda/envs/hetarth_py10/lib/python3.10/site-packages (from torch>=1.0.0->code_bert_score) (12.1.105)
Requirement already satisfied: nvidia-cuda-runtime-cu12==12.1.105 in /u/choprahetarth/.conda/envs/hetarth_py10/lib/python3.10/site-packages (from torch>=1.0.0->code_bert_score) (12.1.105)
Requirement already satisfied: nvidia-cuda-cupti-cu12==12.1.105 in /u/choprahetarth/.conda/envs/hetarth_py10/lib/python3.10/site-packages (from torch>=1.0.0->code_bert_score) (12.1.105)
Requirement already satisfied: nvidia-cudnn-cu12==8.9.2.26 in /u/choprahetarth/.conda/envs/hetarth_py10/lib/python3.10/site-packages (from torch>=1.0.0->code_bert_score) (8.9.2.26)
Requirement already satisfied: nvidia-cublas-cu12==12.1.3.1 in /u/choprahetarth/.conda/envs/hetarth_py10/lib/python3.10/site-packages (from torch>=1.0.0->code_bert_score) (12.1.3.1)
Requirement already satisfied: nvidia-cufft-cu12==11.0.2.54 in /u/choprahetarth/.conda/envs/hetarth_py10/lib/python3.10/site-packages (from torch>=1.0.0->code_bert_score) (11.0.2.54)
Requirement already satisfied: nvidia-curand-cu12==10.3.2.106 in /u/choprahetarth/.conda/envs/hetarth_py10/lib/python3.10/site-packages (from torch>=1.0.0->code_bert_score) (10.3.2.106)
Requirement already satisfied: nvidia-cusolver-cu12==11.4.5.107 in /u/choprahetarth/.conda/envs/hetarth_py10/lib/python3.10/site-packages (from torch>=1.0.0->code_bert_score) (11.4.5.107)
Requirement already satisfied: nvidia-cusparse-cu12==12.1.0.106 in /u/choprahetarth/.conda/envs/hetarth_py10/lib/python3.10/site-packages (from torch>=1.0.0->code_bert_score) (12.1.0.106)
Requirement already satisfied: nvidia-nccl-cu12==2.19.3 in /u/choprahetarth/.conda/envs/hetarth_py10/lib/python3.10/site-packages (from torch>=1.0.0->code_bert_score) (2.19.3)
Requirement already satisfied: nvidia-nvtx-cu12==12.1.105 in /u/choprahetarth/.conda/envs/hetarth_py10/lib/python3.10/site-packages (from torch>=1.0.0->code_bert_score) (12.1.105)
Requirement already satisfied: triton==2.2.0 in /u/choprahetarth/.conda/envs/hetarth_py10/lib/python3.10/site-packages (from torch>=1.0.0->code_bert_score) (2.2.0)
Requirement already satisfied: nvidia-nvjitlink-cu12 in /u/choprahetarth/.conda/envs/hetarth_py10/lib/python3.10/site-packages (from nvidia-cusolver-cu12==11.4.5.107->torch>=1.0.0->code_bert_score) (12.4.127)
Requirement already satisfied: huggingface-hub<1.0,>=0.19.3 in /u/choprahetarth/.conda/envs/hetarth_py10/lib/python3.10/site-packages (from transformers>=3.0.0->code_bert_score) (0.22.2)
Requirement already satisfied: packaging>=20.0 in /u/choprahetarth/.conda/envs/hetarth_py10/lib/python3.10/site-packages (from transformers>=3.0.0->code_bert_score) (24.0)
Requirement already satisfied: pyyaml>=5.1 in /u/choprahetarth/.conda/envs/hetarth_py10/lib/python3.10/site-packages (from transformers>=3.0.0->code_bert_score) (6.0.1)
Requirement already satisfied: regex!=2019.12.17 in /u/choprahetarth/.conda/envs/hetarth_py10/lib/python3.10/site-packages (from transformers>=3.0.0->code_bert_score) (2023.12.25)
Collecting tokenizers<0.19,>=0.14 (from transformers>=3.0.0->code_bert_score)
  Downloading tokenizers-0.15.2-cp310-cp310-manylinux_2_17_x86_64.manylinux2014_x86_64.whl.metadata (6.7 kB)
Requirement already satisfied: safetensors>=0.4.1 in /u/choprahetarth/.conda/envs/hetarth_py10/lib/python3.10/site-packages (from transformers>=3.0.0->code_bert_score) (0.4.2)
Requirement already satisfied: contourpy>=1.0.1 in /u/choprahetarth/.conda/envs/hetarth_py10/lib/python3.10/site-packages (from matplotlib->code_bert_score) (1.2.1)
Requirement already satisfied: cycler>=0.10 in /u/choprahetarth/.conda/envs/hetarth_py10/lib/python3.10/site-packages (from matplotlib->code_bert_score) (0.12.1)
Requirement already satisfied: fonttools>=4.22.0 in /u/choprahetarth/.conda/envs/hetarth_py10/lib/python3.10/site-packages (from matplotlib->code_bert_score) (4.51.0)
Requirement already satisfied: kiwisolver>=1.3.1 in /u/choprahetarth/.conda/envs/hetarth_py10/lib/python3.10/site-packages (from matplotlib->code_bert_score) (1.4.5)
Requirement already satisfied: pillow>=8 in /u/choprahetarth/.conda/envs/hetarth_py10/lib/python3.10/site-packages (from matplotlib->code_bert_score) (10.3.0)
Requirement already satisfied: pyparsing>=2.3.1 in /u/choprahetarth/.conda/envs/hetarth_py10/lib/python3.10/site-packages (from matplotlib->code_bert_score) (3.1.2)
Requirement already satisfied: charset-normalizer<4,>=2 in /u/choprahetarth/.conda/envs/hetarth_py10/lib/python3.10/site-packages (from requests->code_bert_score) (3.3.2)
Requirement already satisfied: idna<4,>=2.5 in /u/choprahetarth/.conda/envs/hetarth_py10/lib/python3.10/site-packages (from requests->code_bert_score) (3.7)
Requirement already satisfied: urllib3<3,>=1.21.1 in /u/choprahetarth/.conda/envs/hetarth_py10/lib/python3.10/site-packages (from requests->code_bert_score) (2.2.1)
Requirement already satisfied: certifi>=2017.4.17 in /u/choprahetarth/.conda/envs/hetarth_py10/lib/python3.10/site-packages (from requests->code_bert_score) (2024.2.2)
Requirement already satisfied: six>=1.5 in /u/choprahetarth/.conda/envs/hetarth_py10/lib/python3.10/site-packages (from python-dateutil>=2.8.2->pandas>=1.0.1->code_bert_score) (1.16.0)
Requirement already satisfied: MarkupSafe>=2.0 in /u/choprahetarth/.conda/envs/hetarth_py10/lib/python3.10/site-packages (from jinja2->torch>=1.0.0->code_bert_score) (2.1.5)
Requirement already satisfied: mpmath>=0.19 in /u/choprahetarth/.conda/envs/hetarth_py10/lib/python3.10/site-packages (from sympy->torch>=1.0.0->code_bert_score) (1.3.0)
Downloading tokenizers-0.15.2-cp310-cp310-manylinux_2_17_x86_64.manylinux2014_x86_64.whl (3.6 MB)
   ━━━━━━━━━━━━━━━━━━━━━━━━━━━━━━━━━━━━━━━━ 3.6/3.6 MB 27.1 MB/s eta 0:00:00
Installing collected packages: tokenizers
  Attempting uninstall: tokenizers
    Found existing installation: tokenizers 0.19.0
    Uninstalling tokenizers-0.19.0:
      Successfully uninstalled tokenizers-0.19.0
Successfully installed tokenizers-0.15.2
